<?xml version="1.0" encoding="UTF-8"?>
<!-- Generated by org.testng.reporters.JUnitReportReporter -->
<testsuite hostname="apoorva2795-01" failures="0" tests="1" name="automationFramework.TestNGParameters" time="14.777" errors="0" timestamp="31 Oct 2018 10:54:06 GMT" skipped="0">
  <testcase classname="automationFramework.TestNGParameters" name="test" time="14.777"/>
</testsuite> <!-- automationFramework.TestNGParameters -->
