<?xml version="1.0" encoding="UTF-8"?>
<!-- Generated by org.testng.reporters.JUnitReportReporter -->
<testsuite hostname="apoorva2795-01" failures="0" tests="2" name="automationFramework.Sequencing" time="0.007" errors="0" timestamp="29 Oct 2018 09:38:13 GMT" skipped="0">
  <testcase classname="automationFramework.Sequencing" name="testCase1" time="0.005"/>
  <testcase classname="automationFramework.Sequencing" name="testCase2" time="0.002"/>
</testsuite> <!-- automationFramework.Sequencing -->
