<?xml version="1.0" encoding="UTF-8"?>
<!-- Generated by org.testng.reporters.JUnitReportReporter -->
<testsuite hostname="apoorva2795-01" failures="0" tests="1" name="automationFramework.TestNG" time="294.699" errors="0" timestamp="29 Oct 2018 07:41:39 GMT" skipped="0">
  <testcase classname="automationFramework.TestNG" name="main" time="294.699"/>
</testsuite> <!-- automationFramework.TestNG -->
