<?xml version="1.0" encoding="UTF-8"?>
<!-- Generated by org.testng.reporters.JUnitReportReporter -->
<testsuite hostname="apoorva2795-01" failures="0" tests="4" name="automationFramework.MultipleTest" time="0.013" errors="0" timestamp="29 Oct 2018 11:28:08 GMT" skipped="1">
  <testcase classname="automationFramework.MultipleTest" name="One" time="0.011"/>
  <testcase classname="automationFramework.MultipleTest" name="Two" time="0.001"/>
  <testcase classname="automationFramework.MultipleTest" name="Four" time="0.001"/>
  <testcase classname="automationFramework.MultipleTest" name="Three">
    <skipped/>
  </testcase> <!-- Three -->
</testsuite> <!-- automationFramework.MultipleTest -->
