<?xml version="1.0" encoding="UTF-8"?>
<!-- Generated by org.testng.reporters.JUnitReportReporter -->
<testsuite hostname="apoorva2795-01" failures="0" tests="3" name="automationFramework.Dependent" time="0.013" errors="0" timestamp="29 Oct 2018 11:06:40 GMT" skipped="0">
  <testcase classname="automationFramework.Dependent" name="OpenBrowser" time="0.011"/>
  <testcase classname="automationFramework.Dependent" name="SignIn" time="0.001"/>
  <testcase classname="automationFramework.Dependent" name="LogOut" time="0.001"/>
</testsuite> <!-- automationFramework.Dependent -->
